0 info it worked if it ends with ok
1 verbose cli [ 'node', '/usr/local/bin/npm', 'run-script', 'test:features' ]
2 info using npm@2.12.1
3 info using node@v0.12.7
4 verbose node symlink /usr/local/bin/node
5 verbose run-script [ 'pretest:features', 'test:features', 'posttest:features' ]
6 info pretest:features snacker@1.0.0
7 info test:features snacker@1.0.0
8 verbose unsafe-perm in lifecycle true
9 info snacker@1.0.0 Failed to exec test:features script
10 verbose stack Error: snacker@1.0.0 test:features: `babel-node node_modules/.bin/cucumber.js`
10 verbose stack Exit status 1
10 verbose stack     at EventEmitter.<anonymous> (/usr/local/lib/node_modules/npm/lib/utils/lifecycle.js:213:16)
10 verbose stack     at EventEmitter.emit (events.js:110:17)
10 verbose stack     at ChildProcess.<anonymous> (/usr/local/lib/node_modules/npm/lib/utils/spawn.js:24:14)
10 verbose stack     at ChildProcess.emit (events.js:110:17)
10 verbose stack     at maybeClose (child_process.js:1015:16)
10 verbose stack     at Process.ChildProcess._handle.onexit (child_process.js:1087:5)
11 verbose pkgid snacker@1.0.0
12 verbose cwd /Users/jfoley/Projects/snacker/snacker
13 error Darwin 13.4.0
14 error argv "node" "/usr/local/bin/npm" "run-script" "test:features"
15 error node v0.12.7
16 error npm  v2.12.1
17 error code ELIFECYCLE
18 error snacker@1.0.0 test:features: `babel-node node_modules/.bin/cucumber.js`
18 error Exit status 1
19 error Failed at the snacker@1.0.0 test:features script 'babel-node node_modules/.bin/cucumber.js'.
19 error This is most likely a problem with the snacker package,
19 error not with npm itself.
19 error Tell the author that this fails on your system:
19 error     babel-node node_modules/.bin/cucumber.js
19 error You can get their info via:
19 error     npm owner ls snacker
19 error There is likely additional logging output above.
20 verbose exit [ 1, true ]
